[2022-10-29 17:58:45] production.ERROR: Agendanet\App\Controllers\PostController::__construct(): Argument #1 ($createSchedule) must be of type Agendanet\Domain\UseCase\CreateSchedule, Laravel\Lumen\Application given, called in /var/www/app/vendor/laravel/lumen-framework/src/Application.php on line 230 {"exception":"[object] (TypeError(code: 0): Agendanet\\App\\Controllers\\PostController::__construct(): Argument #1 ($createSchedule) must be of type Agendanet\\Domain\\UseCase\\CreateSchedule, Laravel\\Lumen\\Application given, called in /var/www/app/vendor/laravel/lumen-framework/src/Application.php on line 230 at /var/www/app/src/App/Controllers/PostController.php:18)
[stacktrace]
#0 /var/www/app/vendor/laravel/lumen-framework/src/Application.php(230): Agendanet\\App\\Controllers\\PostController->__construct(Object(Laravel\\Lumen\\Application))
#1 /var/www/app/bootstrap/app.php(101): Laravel\\Lumen\\Application->register('Agendanet\\\\App\\\\C...')
#2 /var/www/app/public/index.php(3): require('/var/www/app/bo...')
#3 {main}
"} 
[2022-10-29 17:59:04] production.ERROR: Agendanet\App\Controllers\PostController::__construct(): Argument #1 ($createSchedule) must be of type Agendanet\Domain\UseCase\CreateSchedule, Laravel\Lumen\Application given, called in /var/www/app/vendor/laravel/lumen-framework/src/Application.php on line 230 {"exception":"[object] (TypeError(code: 0): Agendanet\\App\\Controllers\\PostController::__construct(): Argument #1 ($createSchedule) must be of type Agendanet\\Domain\\UseCase\\CreateSchedule, Laravel\\Lumen\\Application given, called in /var/www/app/vendor/laravel/lumen-framework/src/Application.php on line 230 at /var/www/app/src/App/Controllers/PostController.php:18)
[stacktrace]
#0 /var/www/app/vendor/laravel/lumen-framework/src/Application.php(230): Agendanet\\App\\Controllers\\PostController->__construct(Object(Laravel\\Lumen\\Application))
#1 /var/www/app/bootstrap/app.php(101): Laravel\\Lumen\\Application->register('Agendanet\\\\App\\\\C...')
#2 /var/www/app/public/index.php(3): require('/var/www/app/bo...')
#3 {main}
"} 
[2022-10-29 18:03:41] production.ERROR: Agendanet\App\Controllers\PostController::handler(): Argument #1 ($request) must be of type Psr\Http\Message\ServerRequestInterface, Laravel\Lumen\Http\Request given, called in /var/www/app/routes/web.php on line 22 {"exception":"[object] (TypeError(code: 0): Agendanet\\App\\Controllers\\PostController::handler(): Argument #1 ($request) must be of type Psr\\Http\\Message\\ServerRequestInterface, Laravel\\Lumen\\Http\\Request given, called in /var/www/app/routes/web.php on line 22 at /var/www/app/src/App/Controllers/PostController.php:23)
[stacktrace]
#0 /var/www/app/routes/web.php(22): Agendanet\\App\\Controllers\\PostController->handler(Object(Laravel\\Lumen\\Http\\Request), Object(Illuminate\\Http\\Response))
#1 /var/www/app/vendor/illuminate/container/BoundMethod.php(36): Closure->{closure}(Object(Laravel\\Lumen\\Http\\Request), Object(Illuminate\\Http\\Response))
#2 /var/www/app/vendor/illuminate/container/Util.php(41): Illuminate\\Container\\BoundMethod::Illuminate\\Container\\{closure}()
#3 /var/www/app/vendor/illuminate/container/BoundMethod.php(81): Illuminate\\Container\\Util::unwrapIfClosure(Object(Closure))
#4 /var/www/app/vendor/illuminate/container/BoundMethod.php(37): Illuminate\\Container\\BoundMethod::callBoundMethod(Object(Laravel\\Lumen\\Application), Object(Closure), Object(Closure))
#5 /var/www/app/vendor/illuminate/container/Container.php(651): Illuminate\\Container\\BoundMethod::call(Object(Laravel\\Lumen\\Application), Object(Closure), Array, NULL)
#6 /var/www/app/vendor/laravel/lumen-framework/src/Concerns/RoutesRequests.php(304): Illuminate\\Container\\Container->call(Object(Closure), Array)
#7 /var/www/app/vendor/laravel/lumen-framework/src/Concerns/RoutesRequests.php(269): Laravel\\Lumen\\Application->callActionOnArrayBasedRoute(Array)
#8 /var/www/app/vendor/laravel/lumen-framework/src/Concerns/RoutesRequests.php(171): Laravel\\Lumen\\Application->handleFoundRoute(Array)
#9 /var/www/app/vendor/laravel/lumen-framework/src/Concerns/RoutesRequests.php(431): Laravel\\Lumen\\Application->Laravel\\Lumen\\Concerns\\{closure}(Object(Laravel\\Lumen\\Http\\Request))
#10 /var/www/app/vendor/laravel/lumen-framework/src/Concerns/RoutesRequests.php(177): Laravel\\Lumen\\Application->sendThroughPipeline(Array, Object(Closure))
#11 /var/www/app/vendor/laravel/lumen-framework/src/Concerns/RoutesRequests.php(112): Laravel\\Lumen\\Application->dispatch(NULL)
#12 /var/www/app/public/index.php(4): Laravel\\Lumen\\Application->run()
#13 {main}
"} 
[2022-10-29 18:04:12] production.ERROR: Unresolvable dependency resolving [Parameter #0 [ <required> string $method ]] in class GuzzleHttp\Psr7\Request {"exception":"[object] (Illuminate\\Contracts\\Container\\BindingResolutionException(code: 0): Unresolvable dependency resolving [Parameter #0 [ <required> string $method ]] in class GuzzleHttp\\Psr7\\Request at /var/www/app/vendor/illuminate/container/Container.php:1106)
[stacktrace]
#0 /var/www/app/vendor/illuminate/container/Container.php(1013): Illuminate\\Container\\Container->unresolvablePrimitive(Object(ReflectionParameter))
#1 /var/www/app/vendor/illuminate/container/Container.php(944): Illuminate\\Container\\Container->resolvePrimitive(Object(ReflectionParameter))
#2 /var/www/app/vendor/illuminate/container/Container.php(906): Illuminate\\Container\\Container->resolveDependencies(Array)
#3 /var/www/app/vendor/illuminate/container/Container.php(756): Illuminate\\Container\\Container->build('GuzzleHttp\\\\Psr7...')
#4 /var/www/app/vendor/illuminate/container/Container.php(692): Illuminate\\Container\\Container->resolve('GuzzleHttp\\\\Psr7...', Array)
#5 /var/www/app/vendor/laravel/lumen-framework/src/Application.php(307): Illuminate\\Container\\Container->make('GuzzleHttp\\\\Psr7...', Array)
#6 /var/www/app/vendor/illuminate/container/BoundMethod.php(181): Laravel\\Lumen\\Application->make('GuzzleHttp\\\\Psr7...')
#7 /var/www/app/vendor/illuminate/container/BoundMethod.php(124): Illuminate\\Container\\BoundMethod::addDependencyForCallParameter(Object(Laravel\\Lumen\\Application), Object(ReflectionParameter), Array, Array)
#8 /var/www/app/vendor/illuminate/container/BoundMethod.php(36): Illuminate\\Container\\BoundMethod::getMethodDependencies(Object(Laravel\\Lumen\\Application), Object(Closure), Array)
#9 /var/www/app/vendor/illuminate/container/Util.php(41): Illuminate\\Container\\BoundMethod::Illuminate\\Container\\{closure}()
#10 /var/www/app/vendor/illuminate/container/BoundMethod.php(81): Illuminate\\Container\\Util::unwrapIfClosure(Object(Closure))
#11 /var/www/app/vendor/illuminate/container/BoundMethod.php(37): Illuminate\\Container\\BoundMethod::callBoundMethod(Object(Laravel\\Lumen\\Application), Object(Closure), Object(Closure))
#12 /var/www/app/vendor/illuminate/container/Container.php(651): Illuminate\\Container\\BoundMethod::call(Object(Laravel\\Lumen\\Application), Object(Closure), Array, NULL)
#13 /var/www/app/vendor/laravel/lumen-framework/src/Concerns/RoutesRequests.php(304): Illuminate\\Container\\Container->call(Object(Closure), Array)
#14 /var/www/app/vendor/laravel/lumen-framework/src/Concerns/RoutesRequests.php(269): Laravel\\Lumen\\Application->callActionOnArrayBasedRoute(Array)
#15 /var/www/app/vendor/laravel/lumen-framework/src/Concerns/RoutesRequests.php(171): Laravel\\Lumen\\Application->handleFoundRoute(Array)
#16 /var/www/app/vendor/laravel/lumen-framework/src/Concerns/RoutesRequests.php(431): Laravel\\Lumen\\Application->Laravel\\Lumen\\Concerns\\{closure}(Object(Laravel\\Lumen\\Http\\Request))
#17 /var/www/app/vendor/laravel/lumen-framework/src/Concerns/RoutesRequests.php(177): Laravel\\Lumen\\Application->sendThroughPipeline(Array, Object(Closure))
#18 /var/www/app/vendor/laravel/lumen-framework/src/Concerns/RoutesRequests.php(112): Laravel\\Lumen\\Application->dispatch(NULL)
#19 /var/www/app/public/index.php(4): Laravel\\Lumen\\Application->run()
#20 {main}
"} 
[2022-10-29 18:29:40] production.ERROR: Agendanet\App\Controllers\PostController::handler(): Argument #1 ($request) must be of type Psr\Http\Message\ServerRequestInterface, Laravel\Lumen\Http\Request given, called in /var/www/app/app/Http/Controllers/PostController.php on line 14 {"exception":"[object] (TypeError(code: 0): Agendanet\\App\\Controllers\\PostController::handler(): Argument #1 ($request) must be of type Psr\\Http\\Message\\ServerRequestInterface, Laravel\\Lumen\\Http\\Request given, called in /var/www/app/app/Http/Controllers/PostController.php on line 14 at /var/www/app/src/App/Controllers/PostController.php:23)
[stacktrace]
#0 /var/www/app/app/Http/Controllers/PostController.php(14): Agendanet\\App\\Controllers\\PostController->handler(Object(Laravel\\Lumen\\Http\\Request), Object(Illuminate\\Http\\Response))
#1 /var/www/app/vendor/illuminate/container/BoundMethod.php(36): App\\Http\\Controllers\\PostController->create(Object(Laravel\\Lumen\\Http\\Request))
#2 /var/www/app/vendor/illuminate/container/Util.php(41): Illuminate\\Container\\BoundMethod::Illuminate\\Container\\{closure}()
#3 /var/www/app/vendor/illuminate/container/BoundMethod.php(93): Illuminate\\Container\\Util::unwrapIfClosure(Object(Closure))
#4 /var/www/app/vendor/illuminate/container/BoundMethod.php(37): Illuminate\\Container\\BoundMethod::callBoundMethod(Object(Laravel\\Lumen\\Application), Array, Object(Closure))
#5 /var/www/app/vendor/illuminate/container/Container.php(651): Illuminate\\Container\\BoundMethod::call(Object(Laravel\\Lumen\\Application), Array, Array, NULL)
#6 /var/www/app/vendor/laravel/lumen-framework/src/Concerns/RoutesRequests.php(391): Illuminate\\Container\\Container->call(Array, Array)
#7 /var/www/app/vendor/laravel/lumen-framework/src/Concerns/RoutesRequests.php(357): Laravel\\Lumen\\Application->callControllerCallable(Array, Array)
#8 /var/www/app/vendor/laravel/lumen-framework/src/Concerns/RoutesRequests.php(331): Laravel\\Lumen\\Application->callLumenController(Object(App\\Http\\Controllers\\PostController), 'create', Array)
#9 /var/www/app/vendor/laravel/lumen-framework/src/Concerns/RoutesRequests.php(284): Laravel\\Lumen\\Application->callControllerAction(Array)
#10 /var/www/app/vendor/laravel/lumen-framework/src/Concerns/RoutesRequests.php(269): Laravel\\Lumen\\Application->callActionOnArrayBasedRoute(Array)
#11 /var/www/app/vendor/laravel/lumen-framework/src/Concerns/RoutesRequests.php(171): Laravel\\Lumen\\Application->handleFoundRoute(Array)
#12 /var/www/app/vendor/laravel/lumen-framework/src/Concerns/RoutesRequests.php(431): Laravel\\Lumen\\Application->Laravel\\Lumen\\Concerns\\{closure}(Object(Laravel\\Lumen\\Http\\Request))
#13 /var/www/app/vendor/laravel/lumen-framework/src/Concerns/RoutesRequests.php(177): Laravel\\Lumen\\Application->sendThroughPipeline(Array, Object(Closure))
#14 /var/www/app/vendor/laravel/lumen-framework/src/Concerns/RoutesRequests.php(112): Laravel\\Lumen\\Application->dispatch(NULL)
#15 /var/www/app/public/index.php(4): Laravel\\Lumen\\Application->run()
#16 {main}
"} 
[2022-10-29 18:31:05] production.ERROR: Undefined property: App\Http\Controllers\PostController::$app {"exception":"[object] (ErrorException(code: 0): Undefined property: App\\Http\\Controllers\\PostController::$app at /var/www/app/app/Http/Controllers/PostController.php:13)
[stacktrace]
#0 /var/www/app/vendor/laravel/lumen-framework/src/Concerns/RegistersExceptionHandlers.php(47): Laravel\\Lumen\\Application->handleError(2, 'Undefined prope...', '/var/www/app/ap...', 13)
#1 /var/www/app/app/Http/Controllers/PostController.php(13): Laravel\\Lumen\\Application->Laravel\\Lumen\\Concerns\\{closure}(2, 'Undefined prope...', '/var/www/app/ap...', 13)
#2 /var/www/app/vendor/illuminate/container/BoundMethod.php(36): App\\Http\\Controllers\\PostController->create(Object(Laravel\\Lumen\\Http\\Request))
#3 /var/www/app/vendor/illuminate/container/Util.php(41): Illuminate\\Container\\BoundMethod::Illuminate\\Container\\{closure}()
#4 /var/www/app/vendor/illuminate/container/BoundMethod.php(93): Illuminate\\Container\\Util::unwrapIfClosure(Object(Closure))
#5 /var/www/app/vendor/illuminate/container/BoundMethod.php(37): Illuminate\\Container\\BoundMethod::callBoundMethod(Object(Laravel\\Lumen\\Application), Array, Object(Closure))
#6 /var/www/app/vendor/illuminate/container/Container.php(651): Illuminate\\Container\\BoundMethod::call(Object(Laravel\\Lumen\\Application), Array, Array, NULL)
#7 /var/www/app/vendor/laravel/lumen-framework/src/Concerns/RoutesRequests.php(391): Illuminate\\Container\\Container->call(Array, Array)
#8 /var/www/app/vendor/laravel/lumen-framework/src/Concerns/RoutesRequests.php(357): Laravel\\Lumen\\Application->callControllerCallable(Array, Array)
#9 /var/www/app/vendor/laravel/lumen-framework/src/Concerns/RoutesRequests.php(331): Laravel\\Lumen\\Application->callLumenController(Object(App\\Http\\Controllers\\PostController), 'create', Array)
#10 /var/www/app/vendor/laravel/lumen-framework/src/Concerns/RoutesRequests.php(284): Laravel\\Lumen\\Application->callControllerAction(Array)
#11 /var/www/app/vendor/laravel/lumen-framework/src/Concerns/RoutesRequests.php(269): Laravel\\Lumen\\Application->callActionOnArrayBasedRoute(Array)
#12 /var/www/app/vendor/laravel/lumen-framework/src/Concerns/RoutesRequests.php(171): Laravel\\Lumen\\Application->handleFoundRoute(Array)
#13 /var/www/app/vendor/laravel/lumen-framework/src/Concerns/RoutesRequests.php(431): Laravel\\Lumen\\Application->Laravel\\Lumen\\Concerns\\{closure}(Object(Laravel\\Lumen\\Http\\Request))
#14 /var/www/app/vendor/laravel/lumen-framework/src/Concerns/RoutesRequests.php(177): Laravel\\Lumen\\Application->sendThroughPipeline(Array, Object(Closure))
#15 /var/www/app/vendor/laravel/lumen-framework/src/Concerns/RoutesRequests.php(112): Laravel\\Lumen\\Application->dispatch(NULL)
#16 /var/www/app/public/index.php(4): Laravel\\Lumen\\Application->run()
#17 {main}
"} 
[2022-10-29 18:32:52] production.ERROR: Agendanet\App\Controllers\PostController::handler(): Argument #1 ($request) must be of type Psr\Http\Message\ServerRequestInterface, GuzzleHttp\Psr7\Request given, called in /var/www/app/app/Http/Controllers/PostController.php on line 14 {"exception":"[object] (TypeError(code: 0): Agendanet\\App\\Controllers\\PostController::handler(): Argument #1 ($request) must be of type Psr\\Http\\Message\\ServerRequestInterface, GuzzleHttp\\Psr7\\Request given, called in /var/www/app/app/Http/Controllers/PostController.php on line 14 at /var/www/app/src/App/Controllers/PostController.php:23)
[stacktrace]
#0 /var/www/app/app/Http/Controllers/PostController.php(14): Agendanet\\App\\Controllers\\PostController->handler(Object(GuzzleHttp\\Psr7\\Request), Object(Illuminate\\Http\\Response))
#1 /var/www/app/vendor/illuminate/container/BoundMethod.php(36): App\\Http\\Controllers\\PostController->create(Object(Laravel\\Lumen\\Http\\Request))
#2 /var/www/app/vendor/illuminate/container/Util.php(41): Illuminate\\Container\\BoundMethod::Illuminate\\Container\\{closure}()
#3 /var/www/app/vendor/illuminate/container/BoundMethod.php(93): Illuminate\\Container\\Util::unwrapIfClosure(Object(Closure))
#4 /var/www/app/vendor/illuminate/container/BoundMethod.php(37): Illuminate\\Container\\BoundMethod::callBoundMethod(Object(Laravel\\Lumen\\Application), Array, Object(Closure))
#5 /var/www/app/vendor/illuminate/container/Container.php(651): Illuminate\\Container\\BoundMethod::call(Object(Laravel\\Lumen\\Application), Array, Array, NULL)
#6 /var/www/app/vendor/laravel/lumen-framework/src/Concerns/RoutesRequests.php(391): Illuminate\\Container\\Container->call(Array, Array)
#7 /var/www/app/vendor/laravel/lumen-framework/src/Concerns/RoutesRequests.php(357): Laravel\\Lumen\\Application->callControllerCallable(Array, Array)
#8 /var/www/app/vendor/laravel/lumen-framework/src/Concerns/RoutesRequests.php(331): Laravel\\Lumen\\Application->callLumenController(Object(App\\Http\\Controllers\\PostController), 'create', Array)
#9 /var/www/app/vendor/laravel/lumen-framework/src/Concerns/RoutesRequests.php(284): Laravel\\Lumen\\Application->callControllerAction(Array)
#10 /var/www/app/vendor/laravel/lumen-framework/src/Concerns/RoutesRequests.php(269): Laravel\\Lumen\\Application->callActionOnArrayBasedRoute(Array)
#11 /var/www/app/vendor/laravel/lumen-framework/src/Concerns/RoutesRequests.php(171): Laravel\\Lumen\\Application->handleFoundRoute(Array)
#12 /var/www/app/vendor/laravel/lumen-framework/src/Concerns/RoutesRequests.php(431): Laravel\\Lumen\\Application->Laravel\\Lumen\\Concerns\\{closure}(Object(Laravel\\Lumen\\Http\\Request))
#13 /var/www/app/vendor/laravel/lumen-framework/src/Concerns/RoutesRequests.php(177): Laravel\\Lumen\\Application->sendThroughPipeline(Array, Object(Closure))
#14 /var/www/app/vendor/laravel/lumen-framework/src/Concerns/RoutesRequests.php(112): Laravel\\Lumen\\Application->dispatch(NULL)
#15 /var/www/app/public/index.php(4): Laravel\\Lumen\\Application->run()
#16 {main}
"} 
[2022-10-29 18:33:17] production.ERROR: Agendanet\App\Controllers\PostController::handler(): Argument #1 ($request) must be of type Psr\Http\Message\ServerRequestInterface, GuzzleHttp\Psr7\Request given, called in /var/www/app/app/Http/Controllers/PostController.php on line 14 {"exception":"[object] (TypeError(code: 0): Agendanet\\App\\Controllers\\PostController::handler(): Argument #1 ($request) must be of type Psr\\Http\\Message\\ServerRequestInterface, GuzzleHttp\\Psr7\\Request given, called in /var/www/app/app/Http/Controllers/PostController.php on line 14 at /var/www/app/src/App/Controllers/PostController.php:24)
[stacktrace]
#0 /var/www/app/app/Http/Controllers/PostController.php(14): Agendanet\\App\\Controllers\\PostController->handler(Object(GuzzleHttp\\Psr7\\Request), Object(Illuminate\\Http\\Response))
#1 /var/www/app/vendor/illuminate/container/BoundMethod.php(36): App\\Http\\Controllers\\PostController->create(Object(Laravel\\Lumen\\Http\\Request))
#2 /var/www/app/vendor/illuminate/container/Util.php(41): Illuminate\\Container\\BoundMethod::Illuminate\\Container\\{closure}()
#3 /var/www/app/vendor/illuminate/container/BoundMethod.php(93): Illuminate\\Container\\Util::unwrapIfClosure(Object(Closure))
#4 /var/www/app/vendor/illuminate/container/BoundMethod.php(37): Illuminate\\Container\\BoundMethod::callBoundMethod(Object(Laravel\\Lumen\\Application), Array, Object(Closure))
#5 /var/www/app/vendor/illuminate/container/Container.php(651): Illuminate\\Container\\BoundMethod::call(Object(Laravel\\Lumen\\Application), Array, Array, NULL)
#6 /var/www/app/vendor/laravel/lumen-framework/src/Concerns/RoutesRequests.php(391): Illuminate\\Container\\Container->call(Array, Array)
#7 /var/www/app/vendor/laravel/lumen-framework/src/Concerns/RoutesRequests.php(357): Laravel\\Lumen\\Application->callControllerCallable(Array, Array)
#8 /var/www/app/vendor/laravel/lumen-framework/src/Concerns/RoutesRequests.php(331): Laravel\\Lumen\\Application->callLumenController(Object(App\\Http\\Controllers\\PostController), 'create', Array)
#9 /var/www/app/vendor/laravel/lumen-framework/src/Concerns/RoutesRequests.php(284): Laravel\\Lumen\\Application->callControllerAction(Array)
#10 /var/www/app/vendor/laravel/lumen-framework/src/Concerns/RoutesRequests.php(269): Laravel\\Lumen\\Application->callActionOnArrayBasedRoute(Array)
#11 /var/www/app/vendor/laravel/lumen-framework/src/Concerns/RoutesRequests.php(171): Laravel\\Lumen\\Application->handleFoundRoute(Array)
#12 /var/www/app/vendor/laravel/lumen-framework/src/Concerns/RoutesRequests.php(431): Laravel\\Lumen\\Application->Laravel\\Lumen\\Concerns\\{closure}(Object(Laravel\\Lumen\\Http\\Request))
#13 /var/www/app/vendor/laravel/lumen-framework/src/Concerns/RoutesRequests.php(177): Laravel\\Lumen\\Application->sendThroughPipeline(Array, Object(Closure))
#14 /var/www/app/vendor/laravel/lumen-framework/src/Concerns/RoutesRequests.php(112): Laravel\\Lumen\\Application->dispatch(NULL)
#15 /var/www/app/public/index.php(4): Laravel\\Lumen\\Application->run()
#16 {main}
"} 
[2022-10-29 18:34:59] production.ERROR: Agendanet\App\Controllers\PostController::handler(): Argument #1 ($request) must be of type Psr\Http\Message\ServerRequestInterface, GuzzleHttp\Psr7\Request given, called in /var/www/app/app/Http/Controllers/PostController.php on line 14 {"exception":"[object] (TypeError(code: 0): Agendanet\\App\\Controllers\\PostController::handler(): Argument #1 ($request) must be of type Psr\\Http\\Message\\ServerRequestInterface, GuzzleHttp\\Psr7\\Request given, called in /var/www/app/app/Http/Controllers/PostController.php on line 14 at /var/www/app/src/App/Controllers/PostController.php:23)
[stacktrace]
#0 /var/www/app/app/Http/Controllers/PostController.php(14): Agendanet\\App\\Controllers\\PostController->handler(Object(GuzzleHttp\\Psr7\\Request), Object(Illuminate\\Http\\Response))
#1 /var/www/app/vendor/illuminate/container/BoundMethod.php(36): App\\Http\\Controllers\\PostController->create(Object(Laravel\\Lumen\\Http\\Request))
#2 /var/www/app/vendor/illuminate/container/Util.php(41): Illuminate\\Container\\BoundMethod::Illuminate\\Container\\{closure}()
#3 /var/www/app/vendor/illuminate/container/BoundMethod.php(93): Illuminate\\Container\\Util::unwrapIfClosure(Object(Closure))
#4 /var/www/app/vendor/illuminate/container/BoundMethod.php(37): Illuminate\\Container\\BoundMethod::callBoundMethod(Object(Laravel\\Lumen\\Application), Array, Object(Closure))
#5 /var/www/app/vendor/illuminate/container/Container.php(651): Illuminate\\Container\\BoundMethod::call(Object(Laravel\\Lumen\\Application), Array, Array, NULL)
#6 /var/www/app/vendor/laravel/lumen-framework/src/Concerns/RoutesRequests.php(391): Illuminate\\Container\\Container->call(Array, Array)
#7 /var/www/app/vendor/laravel/lumen-framework/src/Concerns/RoutesRequests.php(357): Laravel\\Lumen\\Application->callControllerCallable(Array, Array)
#8 /var/www/app/vendor/laravel/lumen-framework/src/Concerns/RoutesRequests.php(331): Laravel\\Lumen\\Application->callLumenController(Object(App\\Http\\Controllers\\PostController), 'create', Array)
#9 /var/www/app/vendor/laravel/lumen-framework/src/Concerns/RoutesRequests.php(284): Laravel\\Lumen\\Application->callControllerAction(Array)
#10 /var/www/app/vendor/laravel/lumen-framework/src/Concerns/RoutesRequests.php(269): Laravel\\Lumen\\Application->callActionOnArrayBasedRoute(Array)
#11 /var/www/app/vendor/laravel/lumen-framework/src/Concerns/RoutesRequests.php(171): Laravel\\Lumen\\Application->handleFoundRoute(Array)
#12 /var/www/app/vendor/laravel/lumen-framework/src/Concerns/RoutesRequests.php(431): Laravel\\Lumen\\Application->Laravel\\Lumen\\Concerns\\{closure}(Object(Laravel\\Lumen\\Http\\Request))
#13 /var/www/app/vendor/laravel/lumen-framework/src/Concerns/RoutesRequests.php(177): Laravel\\Lumen\\Application->sendThroughPipeline(Array, Object(Closure))
#14 /var/www/app/vendor/laravel/lumen-framework/src/Concerns/RoutesRequests.php(112): Laravel\\Lumen\\Application->dispatch(NULL)
#15 /var/www/app/public/index.php(4): Laravel\\Lumen\\Application->run()
#16 {main}
"} 
[2022-10-29 18:35:10] production.ERROR: Agendanet\App\Controllers\PostController::handler(): Argument #1 ($request) must be of type Psr\Http\Message\ServerRequestInterface, GuzzleHttp\Psr7\Request given, called in /var/www/app/app/Http/Controllers/PostController.php on line 14 {"exception":"[object] (TypeError(code: 0): Agendanet\\App\\Controllers\\PostController::handler(): Argument #1 ($request) must be of type Psr\\Http\\Message\\ServerRequestInterface, GuzzleHttp\\Psr7\\Request given, called in /var/www/app/app/Http/Controllers/PostController.php on line 14 at /var/www/app/src/App/Controllers/PostController.php:23)
[stacktrace]
#0 /var/www/app/app/Http/Controllers/PostController.php(14): Agendanet\\App\\Controllers\\PostController->handler(Object(GuzzleHttp\\Psr7\\Request), Object(Illuminate\\Http\\Response))
#1 /var/www/app/vendor/illuminate/container/BoundMethod.php(36): App\\Http\\Controllers\\PostController->create(Object(Laravel\\Lumen\\Http\\Request))
#2 /var/www/app/vendor/illuminate/container/Util.php(41): Illuminate\\Container\\BoundMethod::Illuminate\\Container\\{closure}()
#3 /var/www/app/vendor/illuminate/container/BoundMethod.php(93): Illuminate\\Container\\Util::unwrapIfClosure(Object(Closure))
#4 /var/www/app/vendor/illuminate/container/BoundMethod.php(37): Illuminate\\Container\\BoundMethod::callBoundMethod(Object(Laravel\\Lumen\\Application), Array, Object(Closure))
#5 /var/www/app/vendor/illuminate/container/Container.php(651): Illuminate\\Container\\BoundMethod::call(Object(Laravel\\Lumen\\Application), Array, Array, NULL)
#6 /var/www/app/vendor/laravel/lumen-framework/src/Concerns/RoutesRequests.php(391): Illuminate\\Container\\Container->call(Array, Array)
#7 /var/www/app/vendor/laravel/lumen-framework/src/Concerns/RoutesRequests.php(357): Laravel\\Lumen\\Application->callControllerCallable(Array, Array)
#8 /var/www/app/vendor/laravel/lumen-framework/src/Concerns/RoutesRequests.php(331): Laravel\\Lumen\\Application->callLumenController(Object(App\\Http\\Controllers\\PostController), 'create', Array)
#9 /var/www/app/vendor/laravel/lumen-framework/src/Concerns/RoutesRequests.php(284): Laravel\\Lumen\\Application->callControllerAction(Array)
#10 /var/www/app/vendor/laravel/lumen-framework/src/Concerns/RoutesRequests.php(269): Laravel\\Lumen\\Application->callActionOnArrayBasedRoute(Array)
#11 /var/www/app/vendor/laravel/lumen-framework/src/Concerns/RoutesRequests.php(171): Laravel\\Lumen\\Application->handleFoundRoute(Array)
#12 /var/www/app/vendor/laravel/lumen-framework/src/Concerns/RoutesRequests.php(431): Laravel\\Lumen\\Application->Laravel\\Lumen\\Concerns\\{closure}(Object(Laravel\\Lumen\\Http\\Request))
#13 /var/www/app/vendor/laravel/lumen-framework/src/Concerns/RoutesRequests.php(177): Laravel\\Lumen\\Application->sendThroughPipeline(Array, Object(Closure))
#14 /var/www/app/vendor/laravel/lumen-framework/src/Concerns/RoutesRequests.php(112): Laravel\\Lumen\\Application->dispatch(NULL)
#15 /var/www/app/public/index.php(4): Laravel\\Lumen\\Application->run()
#16 {main}
"} 
